<?xml version="1.0" encoding="UTF-8"?>
<!-- Generated by org.testng.reporters.JUnitReportReporter -->
<testsuite name="com.delivey.template.MainTest" tests="1" time="103.323" ignored="0" failures="0" timestamp="19 Aug 2018 13:15:37 GMT" skipped="0" hostname="akram-WX-1" errors="0">
  <testcase name="ALLBrokenLinkTest" time="103.323" classname="com.delivey.template.MainTest"/>
</testsuite> <!-- com.delivey.template.MainTest -->
